Determining if the pthread_create exist failed with the following output:
Change Dir: /media/chengda/5b0a1a70-a660-4a6f-8e11-6750233562e4/pcl_learn/5range_image/create_range_image/build/CMakeFiles/CMakeTmp

Run Build Command:"/usr/bin/make" "cmTC_3d014/fast"
/usr/bin/make -f CMakeFiles/cmTC_3d014.dir/build.make CMakeFiles/cmTC_3d014.dir/build
make[1]: Entering directory '/media/chengda/5b0a1a70-a660-4a6f-8e11-6750233562e4/pcl_learn/5range_image/create_range_image/build/CMakeFiles/CMakeTmp'
Building C object CMakeFiles/cmTC_3d014.dir/CheckSymbolExists.c.o
/usr/bin/cc    -o CMakeFiles/cmTC_3d014.dir/CheckSymbolExists.c.o   -c /media/chengda/5b0a1a70-a660-4a6f-8e11-6750233562e4/pcl_learn/5range_image/create_range_image/build/CMakeFiles/CMakeTmp/CheckSymbolExists.c
Linking C executable cmTC_3d014
/usr/bin/cmake -E cmake_link_script CMakeFiles/cmTC_3d014.dir/link.txt --verbose=1
/usr/bin/cc      -rdynamic CMakeFiles/cmTC_3d014.dir/CheckSymbolExists.c.o  -o cmTC_3d014 
CMakeFiles/cmTC_3d014.dir/CheckSymbolExists.c.o: In function `main':
CheckSymbolExists.c:(.text+0x1b): undefined reference to `pthread_create'
collect2: error: ld returned 1 exit status
CMakeFiles/cmTC_3d014.dir/build.make:97: recipe for target 'cmTC_3d014' failed
make[1]: *** [cmTC_3d014] Error 1
make[1]: Leaving directory '/media/chengda/5b0a1a70-a660-4a6f-8e11-6750233562e4/pcl_learn/5range_image/create_range_image/build/CMakeFiles/CMakeTmp'
Makefile:126: recipe for target 'cmTC_3d014/fast' failed
make: *** [cmTC_3d014/fast] Error 2

File /media/chengda/5b0a1a70-a660-4a6f-8e11-6750233562e4/pcl_learn/5range_image/create_range_image/build/CMakeFiles/CMakeTmp/CheckSymbolExists.c:
/* */
#include <pthread.h>

int main(int argc, char** argv)
{
  (void)argv;
#ifndef pthread_create
  return ((int*)(&pthread_create))[argc];
#else
  (void)argc;
  return 0;
#endif
}

Determining if the function pthread_create exists in the pthreads failed with the following output:
Change Dir: /media/chengda/5b0a1a70-a660-4a6f-8e11-6750233562e4/pcl_learn/5range_image/create_range_image/build/CMakeFiles/CMakeTmp

Run Build Command:"/usr/bin/make" "cmTC_7b0ab/fast"
/usr/bin/make -f CMakeFiles/cmTC_7b0ab.dir/build.make CMakeFiles/cmTC_7b0ab.dir/build
make[1]: Entering directory '/media/chengda/5b0a1a70-a660-4a6f-8e11-6750233562e4/pcl_learn/5range_image/create_range_image/build/CMakeFiles/CMakeTmp'
Building C object CMakeFiles/cmTC_7b0ab.dir/CheckFunctionExists.c.o
/usr/bin/cc   -DCHECK_FUNCTION_EXISTS=pthread_create   -o CMakeFiles/cmTC_7b0ab.dir/CheckFunctionExists.c.o   -c /usr/share/cmake-3.10/Modules/CheckFunctionExists.c
Linking C executable cmTC_7b0ab
/usr/bin/cmake -E cmake_link_script CMakeFiles/cmTC_7b0ab.dir/link.txt --verbose=1
/usr/bin/cc  -DCHECK_FUNCTION_EXISTS=pthread_create    -rdynamic CMakeFiles/cmTC_7b0ab.dir/CheckFunctionExists.c.o  -o cmTC_7b0ab -lpthreads 
/usr/bin/ld: cannot find -lpthreads
collect2: error: ld returned 1 exit status
CMakeFiles/cmTC_7b0ab.dir/build.make:97: recipe for target 'cmTC_7b0ab' failed
make[1]: *** [cmTC_7b0ab] Error 1
make[1]: Leaving directory '/media/chengda/5b0a1a70-a660-4a6f-8e11-6750233562e4/pcl_learn/5range_image/create_range_image/build/CMakeFiles/CMakeTmp'
Makefile:126: recipe for target 'cmTC_7b0ab/fast' failed
make: *** [cmTC_7b0ab/fast] Error 2


